<?xml version="1.0" encoding="UTF-8"?>
<!-- Generated by org.testng.reporters.JUnitReportReporter -->
<testsuite hostname="DESKTOP-GRNHF46" failures="0" tests="2" name="Test.Intro" time="0.023" errors="0" timestamp="2025-03-10T14:14:36 IST" skipped="0">
  <testcase classname="Test.Intro" name="Test1" time="0.012"/>
  <testcase classname="Test.Intro" name="Test2" time="0.011"/>
</testsuite> <!-- Test.Intro -->
