<?xml version="1.0" encoding="UTF-8"?>
<!-- Generated by org.testng.reporters.JUnitReportReporter -->
<testsuite hostname="DESKTOP-GRNHF46" failures="0" tests="6" name="Test.Intro2" time="0.103" errors="0" timestamp="2025-03-10T14:14:36 IST" skipped="1">
  <testcase classname="Test.Intro2" name="Test15" time="0.019"/>
  <testcase classname="Test.Intro2" name="Test5" time="0.013"/>
  <testcase classname="Test.Intro2" name="Test3" time="0.011"/>
  <testcase classname="Test.Intro2" name="Test14" time="0.029"/>
  <testcase classname="Test.Intro2" name="Test4" time="0.031"/>
  <testcase classname="Test.Intro2" name="Test13">
    <skipped/>
  </testcase> <!-- Test13 -->
</testsuite> <!-- Test.Intro2 -->
