<?xml version="1.0" encoding="UTF-8"?>
<!-- Generated by org.testng.reporters.JUnitReportReporter -->
<testsuite hostname="DESKTOP-GRNHF46" failures="0" tests="3" name="Test.Intro3" time="0.027" errors="0" timestamp="2025-03-03T13:58:29 IST" skipped="0">
  <testcase classname="Test.Intro3" name="Provider" time="0.009"/>
  <testcase classname="Test.Intro3" name="Provider" time="0.014"/>
  <testcase classname="Test.Intro3" name="Provider" time="0.004"/>
</testsuite> <!-- Test.Intro3 -->
