<?xml version="1.0" encoding="UTF-8"?>
<!-- Generated by org.testng.reporters.JUnitReportReporter -->
<testsuite hostname="DESKTOP-GRNHF46" failures="0" tests="1" name="PS1" time="0.075" errors="0" timestamp="2025-03-10T14:17:28 IST" skipped="0">
  <testcase classname="PS1" name="TestRun" time="0.075"/>
</testsuite> <!-- PS1 -->
